[debug] [2023-01-31T05:34:46.068Z] ----------------------------------------------------------------------
[debug] [2023-01-31T05:34:46.070Z] Command:       C:\Program Files\nodejs\node.exe C:\Users\YANN TECH\AppData\Roaming\npm\node_modules\firebase-tools\lib\bin\firebase.js init
[debug] [2023-01-31T05:34:46.070Z] CLI Version:   11.21.0
[debug] [2023-01-31T05:34:46.070Z] Platform:      win32
[debug] [2023-01-31T05:34:46.070Z] Node Version:  v18.13.0
[debug] [2023-01-31T05:34:46.071Z] Time:          Tue Jan 31 2023 06:34:46 GMT+0100 (West Africa Standard Time)
[debug] [2023-01-31T05:34:46.071Z] ----------------------------------------------------------------------
[debug] 
[debug] [2023-01-31T05:34:46.074Z] >>> [apiv2][query] GET https://firebase-public.firebaseio.com/cli.json [none]
[debug] [2023-01-31T05:34:46.124Z] > command requires scopes: ["email","openid","https://www.googleapis.com/auth/cloudplatformprojects.readonly","https://www.googleapis.com/auth/firebase","https://www.googleapis.com/auth/cloud-platform"]
[debug] [2023-01-31T05:34:46.124Z] > authorizing via signed-in user (ngehhermann719@gmail.com)
[info] 
     ######## #### ########  ######## ########     ###     ######  ########
     ##        ##  ##     ## ##       ##     ##  ##   ##  ##       ##
     ######    ##  ########  ######   ########  #########  ######  ######
     ##        ##  ##    ##  ##       ##     ## ##     ##       ## ##
     ##       #### ##     ## ######## ########  ##     ##  ######  ########

You're about to initialize a Firebase project in this directory:

  C:\Users\YANN TECH\Desktop\Hermann\Projects\moja-reddit

[warn] !  Unable to fetch the CLI MOTD and remote config. 
[debug] [2023-01-31T05:35:07.187Z] Failed to fetch MOTD FirebaseError: Failed to make request to https://firebase-public.firebaseio.com/cli.json
[info] 
=== Project Setup
[info] 
[info] First, let's associate this project directory with a Firebase project.
[info] You can create multiple project aliases by running firebase use --add, 
[info] but for now we'll just set up a default project.
[info] 
[info] 
=== Database Setup
[info] 
[info] Firebase Realtime Database Security Rules allow you to define how your data should be
[info] structured and when your data can be read from and written to.
[info] 
